{"name": "test_button_exist", "status": "broken", "statusDetails": {"message": "selenium.common.exceptions.SeleniumManagerException: Message: Selenium Manager failed for: C:\\Users\\user\\PycharmProjects\\run-tests-demo-main\\.venv\\Lib\\site-packages\\selenium\\webdriver\\common\\windows\\selenium-manager.exe --browser chrome --output json.\nThe chromedriver version cannot be discovered", "trace": "@pytest.fixture()\n    def browser():\n        options = Options()\n        options.add_argument('--headless')\n>       chrome_browser = webdriver.Chrome(options=options)\n\ntests\\test_button.py:11: \n_ _ _ _ _ _ _ _ _ _ _ _ _ _ _ _ _ _ _ _ _ _ _ _ _ _ _ _ _ _ _ _ _ _ _ _ _ _ _ _ _ _ _ _ _ _ _ _ _ _ _ _ _ _ _ _ _ _ _ _ _ _ _ _ _ _ _ _ _ _ _ _ _ _ _ _ _ _ _ _ \n.venv\\Lib\\site-packages\\selenium\\webdriver\\chrome\\webdriver.py:82: in __init__\n    service.path = DriverFinder.get_path(service, options)\n.venv\\Lib\\site-packages\\selenium\\webdriver\\common\\driver_finder.py:43: in get_path\n    raise err\n.venv\\Lib\\site-packages\\selenium\\webdriver\\common\\driver_finder.py:40: in get_path\n    path = shutil.which(service.path) or SeleniumManager().driver_location(options)\n.venv\\Lib\\site-packages\\selenium\\webdriver\\common\\selenium_manager.py:91: in driver_location\n    result = self.run(args)\n_ _ _ _ _ _ _ _ _ _ _ _ _ _ _ _ _ _ _ _ _ _ _ _ _ _ _ _ _ _ _ _ _ _ _ _ _ _ _ _ _ _ _ _ _ _ _ _ _ _ _ _ _ _ _ _ _ _ _ _ _ _ _ _ _ _ _ _ _ _ _ _ _ _ _ _ _ _ _ _ \n\nargs = ['C:\\\\Users\\\\user\\\\PycharmProjects\\\\run-tests-demo-main\\\\.venv\\\\Lib\\\\site-packages\\\\selenium\\\\webdriver\\\\common\\\\windows\\\\selenium-manager.exe', '--browser', 'chrome', '--output', 'json']\n\n    @staticmethod\n    def run(args: List[str]) -> str:\n        \"\"\"\n        Executes the Selenium Manager Binary.\n        :Args:\n         - args: the components of the command being executed.\n        :Returns: The log string containing the driver location.\n        \"\"\"\n        command = \" \".join(args)\n        logger.debug(f\"Executing process: {command}\")\n        completed_proc = subprocess.run(args, stdout=subprocess.PIPE, stderr=subprocess.PIPE)\n        stdout = completed_proc.stdout.decode(\"utf-8\").rstrip(\"\\n\")\n        stderr = completed_proc.stderr.decode(\"utf-8\").rstrip(\"\\n\")\n        output = json.loads(stdout)\n        result = output[\"result\"][\"message\"]\n        if completed_proc.returncode:\n>           raise SeleniumManagerException(f\"Selenium Manager failed for: {command}.\\n{result}{stderr}\")\nE           selenium.common.exceptions.SeleniumManagerException: Message: Selenium Manager failed for: C:\\Users\\user\\PycharmProjects\\run-tests-demo-main\\.venv\\Lib\\site-packages\\selenium\\webdriver\\common\\windows\\selenium-manager.exe --browser chrome --output json.\nE           The chromedriver version cannot be discovered\n\n.venv\\Lib\\site-packages\\selenium\\webdriver\\common\\selenium_manager.py:112: SeleniumManagerException"}, "attachments": [{"name": "log", "source": "72873d80-4a68-469c-adff-82a16f7a10b7-attachment.txt", "type": "text/plain"}], "start": 1734982998629, "stop": 1734982998629, "uuid": "5def3502-5508-4eb5-afe7-3faa435a66ab", "historyId": "9f7d537c5ba7fcafe345c3bcb2beca2f", "testCaseId": "9f7d537c5ba7fcafe345c3bcb2beca2f", "fullName": "tests.test_button#test_button_exist", "labels": [{"name": "parentSuite", "value": "tests"}, {"name": "suite", "value": "test_button"}, {"name": "host", "value": "WIN-MDBE3MGU32O"}, {"name": "thread", "value": "20964-MainThread"}, {"name": "framework", "value": "pytest"}, {"name": "language", "value": "cpython3"}, {"name": "package", "value": "tests.test_button"}]}